This is pdfTeX, Version 3.14159265-2.6-1.40.21 (TeX Live 2020/W32TeX) (preloaded format=pdflatex 2020.11.25)  29 OCT 2022 19:22
entering extended mode
 restricted \write18 enabled.
 file:line:error style messages enabled.
 %&-line parsing enabled.
**c:/Users/zhaoh/Documents/GitHub/Math-Club-Tex/Geo2.tex
(c:/Users/zhaoh/Documents/GitHub/Math-Club-Tex/Geo2.tex
LaTeX2e <2020-10-01> patch level 2
L3 programming layer <2020-10-27> xparse <2020-03-03> (c:/texlive/2020/texmf-dist/tex/latex/base/article.cls
Document Class: article 2020/04/10 v1.4m Standard LaTeX document class
(c:/texlive/2020/texmf-dist/tex/latex/base/size10.clo
File: size10.clo 2020/04/10 v1.4m Standard LaTeX file (size option)
)
\c@part=\count175
\c@section=\count176
\c@subsection=\count177
\c@subsubsection=\count178
\c@paragraph=\count179
\c@subparagraph=\count180
\c@figure=\count181
\c@table=\count182
\abovecaptionskip=\skip47
\belowcaptionskip=\skip48
\bibindent=\dimen138
) (c:/texlive/2020/texmf-dist/tex/latex/base/inputenc.sty
Package: inputenc 2020/08/01 v1.3d Input encoding file
\inpenc@prehook=\toks15
\inpenc@posthook=\toks16
) (c:/texlive/2020/texmf-dist/tex/latex/geometry/geometry.sty
Package: geometry 2020/01/02 v5.9 Page Geometry
 (c:/texlive/2020/texmf-dist/tex/latex/graphics/keyval.sty
Package: keyval 2014/10/28 v1.15 key=value parser (DPC)
\KV@toks@=\toks17
) (c:/texlive/2020/texmf-dist/tex/generic/iftex/ifvtex.sty
Package: ifvtex 2019/10/25 v1.7 ifvtex legacy package. Use iftex instead.
 (c:/texlive/2020/texmf-dist/tex/generic/iftex/iftex.sty
Package: iftex 2020/03/06 v1.0d TeX engine tests
))
\Gm@cnth=\count183
\Gm@cntv=\count184
\c@Gm@tempcnt=\count185
\Gm@bindingoffset=\dimen139
\Gm@wd@mp=\dimen140
\Gm@odd@mp=\dimen141
\Gm@even@mp=\dimen142
\Gm@layoutwidth=\dimen143
\Gm@layoutheight=\dimen144
\Gm@layouthoffset=\dimen145
\Gm@layoutvoffset=\dimen146
\Gm@dimlist=\toks18
) (c:/texlive/2020/texmf-dist/tex/latex/amsmath/amsmath.sty
Package: amsmath 2020/09/23 v2.17i AMS math features
\@mathmargin=\skip49

For additional information on amsmath, use the `?' option.
(c:/texlive/2020/texmf-dist/tex/latex/amsmath/amstext.sty
Package: amstext 2000/06/29 v2.01 AMS text
 (c:/texlive/2020/texmf-dist/tex/latex/amsmath/amsgen.sty
File: amsgen.sty 1999/11/30 v2.0 generic functions
\@emptytoks=\toks19
\ex@=\dimen147
)) (c:/texlive/2020/texmf-dist/tex/latex/amsmath/amsbsy.sty
Package: amsbsy 1999/11/29 v1.2d Bold Symbols
\pmbraise@=\dimen148
) (c:/texlive/2020/texmf-dist/tex/latex/amsmath/amsopn.sty
Package: amsopn 2016/03/08 v2.02 operator names
)
\inf@bad=\count186
LaTeX Info: Redefining \frac on input line 234.
\uproot@=\count187
\leftroot@=\count188
LaTeX Info: Redefining \overline on input line 399.
\classnum@=\count189
\DOTSCASE@=\count190
LaTeX Info: Redefining \ldots on input line 496.
LaTeX Info: Redefining \dots on input line 499.
LaTeX Info: Redefining \cdots on input line 620.
\Mathstrutbox@=\box47
\strutbox@=\box48
\big@size=\dimen149
LaTeX Font Info:    Redeclaring font encoding OML on input line 743.
LaTeX Font Info:    Redeclaring font encoding OMS on input line 744.
\macc@depth=\count191
\c@MaxMatrixCols=\count192
\dotsspace@=\muskip16
\c@parentequation=\count193
\dspbrk@lvl=\count194
\tag@help=\toks20
\row@=\count195
\column@=\count196
\maxfields@=\count197
\andhelp@=\toks21
\eqnshift@=\dimen150
\alignsep@=\dimen151
\tagshift@=\dimen152
\tagwidth@=\dimen153
\totwidth@=\dimen154
\lineht@=\dimen155
\@envbody=\toks22
\multlinegap=\skip50
\multlinetaggap=\skip51
\mathdisplay@stack=\toks23
LaTeX Info: Redefining \[ on input line 2923.
LaTeX Info: Redefining \] on input line 2924.
) (c:/texlive/2020/texmf-dist/tex/latex/natbib/natbib.sty
Package: natbib 2010/09/13 8.31b (PWD, AO)
\bibhang=\skip52
\bibsep=\skip53
LaTeX Info: Redefining \cite on input line 694.
\c@NAT@ctr=\count198
) (c:/texlive/2020/texmf-dist/tex/latex/wrapfig/wrapfig.sty
\wrapoverhang=\dimen156
\WF@size=\dimen157
\c@WF@wrappedlines=\count199
\WF@box=\box49
\WF@everypar=\toks24
Package: wrapfig 2003/01/31  v 3.6
) (c:/texlive/2020/texmf-dist/tex/latex/graphics/graphicx.sty
Package: graphicx 2020/09/09 v1.2b Enhanced LaTeX Graphics (DPC,SPQR)
 (c:/texlive/2020/texmf-dist/tex/latex/graphics/graphics.sty
Package: graphics 2020/08/30 v1.4c Standard LaTeX Graphics (DPC,SPQR)
 (c:/texlive/2020/texmf-dist/tex/latex/graphics/trig.sty
Package: trig 2016/01/03 v1.10 sin cos tan (DPC)
) (c:/texlive/2020/texmf-dist/tex/latex/graphics-cfg/graphics.cfg
File: graphics.cfg 2016/06/04 v1.11 sample graphics configuration
)
Package graphics Info: Driver file: pdftex.def on input line 105.
 (c:/texlive/2020/texmf-dist/tex/latex/graphics-def/pdftex.def
File: pdftex.def 2020/10/05 v1.2a Graphics/color driver for pdftex
))
\Gin@req@height=\dimen158
\Gin@req@width=\dimen159
) (c:/texlive/2020/texmf-dist/tex/latex/amsfonts/amssymb.sty
Package: amssymb 2013/01/14 v3.01 AMS font symbols
 (c:/texlive/2020/texmf-dist/tex/latex/amsfonts/amsfonts.sty
Package: amsfonts 2013/01/14 v3.01 Basic AMSFonts support
\symAMSa=\mathgroup4
\symAMSb=\mathgroup5
LaTeX Font Info:    Redeclaring math symbol \hbar on input line 98.
LaTeX Font Info:    Overwriting math alphabet `\mathfrak' in version `bold'
(Font)                  U/euf/m/n --> U/euf/b/n on input line 106.
)) (c:/texlive/2020/texmf-dist/tex/latex/l3backend/l3backend-pdftex.def
File: l3backend-pdftex.def 2020-09-24 L3 backend support: PDF output (pdfTeX)
\l__kernel_color_stack_int=\count266
\l__pdf_internal_box=\box50
) (c:/Users/zhaoh/Documents/GitHub/Math-Club-Tex/Geo2.aux)
\openout1 = `Geo2.aux'.

LaTeX Font Info:    Checking defaults for OML/cmm/m/it on input line 18.
LaTeX Font Info:    ... okay on input line 18.
LaTeX Font Info:    Checking defaults for OMS/cmsy/m/n on input line 18.
LaTeX Font Info:    ... okay on input line 18.
LaTeX Font Info:    Checking defaults for OT1/cmr/m/n on input line 18.
LaTeX Font Info:    ... okay on input line 18.
LaTeX Font Info:    Checking defaults for T1/cmr/m/n on input line 18.
LaTeX Font Info:    ... okay on input line 18.
LaTeX Font Info:    Checking defaults for TS1/cmr/m/n on input line 18.
LaTeX Font Info:    ... okay on input line 18.
LaTeX Font Info:    Checking defaults for OMX/cmex/m/n on input line 18.
LaTeX Font Info:    ... okay on input line 18.
LaTeX Font Info:    Checking defaults for U/cmr/m/n on input line 18.
LaTeX Font Info:    ... okay on input line 18.

*geometry* driver: auto-detecting
*geometry* detected driver: pdftex
*geometry* verbose mode - [ preamble ] result:
* driver: pdftex
* paper: letterpaper
* layout: <same size as paper>
* layoutoffset:(h,v)=(0.0pt,0.0pt)
* modes: 
* h-part:(L,W,R)=(90.3375pt, 433.62pt, 90.33751pt)
* v-part:(T,H,B)=(57.81598pt, 650.43pt, 86.72401pt)
* \paperwidth=614.295pt
* \paperheight=794.96999pt
* \textwidth=433.62pt
* \textheight=650.43pt
* \oddsidemargin=18.0675pt
* \evensidemargin=18.0675pt
* \topmargin=-51.45401pt
* \headheight=12.0pt
* \headsep=25.0pt
* \topskip=10.0pt
* \footskip=30.0pt
* \marginparwidth=65.0pt
* \marginparsep=11.0pt
* \columnsep=10.0pt
* \skip\footins=9.0pt plus 4.0pt minus 2.0pt
* \hoffset=0.0pt
* \voffset=0.0pt
* \mag=1000
* \@twocolumnfalse
* \@twosidefalse
* \@mparswitchfalse
* \@reversemarginfalse
* (1in=72.27pt=25.4mm, 1cm=28.453pt)

(c:/texlive/2020/texmf-dist/tex/context/base/mkii/supp-pdf.mkii
[Loading MPS to PDF converter (version 2006.09.02).]
\scratchcounter=\count267
\scratchdimen=\dimen160
\scratchbox=\box51
\nofMPsegments=\count268
\nofMParguments=\count269
\everyMPshowfont=\toks25
\MPscratchCnt=\count270
\MPscratchDim=\dimen161
\MPnumerator=\count271
\makeMPintoPDFobject=\count272
\everyMPtoPDFconversion=\toks26
) (c:/texlive/2020/texmf-dist/tex/latex/epstopdf-pkg/epstopdf-base.sty
Package: epstopdf-base 2020-01-24 v2.11 Base part for package epstopdf
Package epstopdf-base Info: Redefining graphics rule for `.eps' on input line 485.
 (c:/texlive/2020/texmf-dist/tex/latex/latexconfig/epstopdf-sys.cfg
File: epstopdf-sys.cfg 2010/07/13 v1.3 Configuration of (r)epstopdf for TeX Live
))
LaTeX Font Info:    Trying to load font information for U+msa on input line 21.
 (c:/texlive/2020/texmf-dist/tex/latex/amsfonts/umsa.fd
File: umsa.fd 2013/01/14 v3.01 AMS symbols A
)
LaTeX Font Info:    Trying to load font information for U+msb on input line 21.
 (c:/texlive/2020/texmf-dist/tex/latex/amsfonts/umsb.fd
File: umsb.fd 2013/01/14 v3.01 AMS symbols B
)
<./geo2//Picture1.png, id=1, 185.19188pt x 155.83218pt>
File: ./geo2//Picture1.png Graphic file (type png)
<use ./geo2//Picture1.png>
Package pdftex.def Info: ./geo2//Picture1.png  used on input line 28.
(pdftex.def)             Requested size: 173.44534pt x 145.94965pt.

Underfull \hbox (badness 10000) in paragraph at lines 30--36

 []


Underfull \hbox (badness 10000) in paragraph at lines 30--36

 []


Underfull \hbox (badness 10000) in paragraph at lines 30--36

 []


Underfull \hbox (badness 10000) in paragraph at lines 30--36

 []


Underfull \hbox (badness 10000) in paragraph at lines 30--36

 []


Underfull \hbox (badness 10000) in paragraph at lines 30--36

 []


Underfull \hbox (badness 10000) in paragraph at lines 30--36

 []

<./geo2//Picture2.png, id=3, 207.77625pt x 203.25937pt>
File: ./geo2//Picture2.png Graphic file (type png)
<use ./geo2//Picture2.png>
Package pdftex.def Info: ./geo2//Picture2.png  used on input line 39.
(pdftex.def)             Requested size: 207.77573pt x 203.25887pt.
[1

{c:/texlive/2020/texmf-var/fonts/map/pdftex/updmap/pdftex.map} <c:/Users/zhaoh/Documents/GitHub/Math-Club-Tex/./geo2//Picture1.png> <c:/Users/zhaoh/Documents/GitHub/Math-Club-Tex/./geo2//Picture2.png>]
<./geo2//Picture3.png, id=15, 214.55156pt x 191.9672pt>
File: ./geo2//Picture3.png Graphic file (type png)
<use ./geo2//Picture3.png>
Package pdftex.def Info: ./geo2//Picture3.png  used on input line 45.
(pdftex.def)             Requested size: 214.55103pt x 191.96672pt.
<./geo2//Picture4.png, id=16, 218.31563pt x 176.91093pt>
File: ./geo2//Picture4.png Graphic file (type png)
<use ./geo2//Picture4.png>
Package pdftex.def Info: ./geo2//Picture4.png  used on input line 51.
(pdftex.def)             Requested size: 218.31508pt x 176.91049pt.
 [2 <c:/Users/zhaoh/Documents/GitHub/Math-Club-Tex/./geo2//Picture3.png> <c:/Users/zhaoh/Documents/GitHub/Math-Club-Tex/./geo2//Picture4.png>]
<./geo2//Picture5.jpg, id=23, 262.73157pt x 162.6075pt>
File: ./geo2//Picture5.jpg Graphic file (type jpg)
<use ./geo2//Picture5.jpg>
Package pdftex.def Info: ./geo2//Picture5.jpg  used on input line 57.
(pdftex.def)             Requested size: 262.73091pt x 162.6071pt.
<./geo2//Picture6.png, id=24, 168.63pt x 178.41656pt>
File: ./geo2//Picture6.png Graphic file (type png)
<use ./geo2//Picture6.png>
Package pdftex.def Info: ./geo2//Picture6.png  used on input line 68.
(pdftex.def)             Requested size: 168.62958pt x 178.4161pt.
 [3 <c:/Users/zhaoh/Documents/GitHub/Math-Club-Tex/./geo2//Picture5.jpg> <c:/Users/zhaoh/Documents/GitHub/Math-Club-Tex/./geo2//Picture6.png>]
<./geo2//Picture7.png, id=30, 313.9228pt x 163.3603pt>
File: ./geo2//Picture7.png Graphic file (type png)
<use ./geo2//Picture7.png>
Package pdftex.def Info: ./geo2//Picture7.png  used on input line 74.
(pdftex.def)             Requested size: 313.92203pt x 163.3599pt.
<./geo2//Picture8.jpg, id=31, 221.32687pt x 179.16937pt>
File: ./geo2//Picture8.jpg Graphic file (type jpg)
<use ./geo2//Picture8.jpg>
Package pdftex.def Info: ./geo2//Picture8.jpg  used on input line 80.
(pdftex.def)             Requested size: 221.32631pt x 179.16893pt.
 [4 <c:/Users/zhaoh/Documents/GitHub/Math-Club-Tex/./geo2//Picture7.png> <c:/Users/zhaoh/Documents/GitHub/Math-Club-Tex/./geo2//Picture8.jpg>]
<./geo2//Picture9.png, id=36, 186.6975pt x 181.67876pt>
File: ./geo2//Picture9.png Graphic file (type png)
<use ./geo2//Picture9.png>
Package pdftex.def Info: ./geo2//Picture9.png  used on input line 92.
(pdftex.def)             Requested size: 149.35818pt x 145.34319pt.
<./geo2//Picture10.png, id=37, 144.54pt x 130.98938pt>
File: ./geo2//Picture10.png Graphic file (type png)
<use ./geo2//Picture10.png>
Package pdftex.def Info: ./geo2//Picture10.png  used on input line 100.
(pdftex.def)             Requested size: 144.53963pt x 130.98904pt.
<./geo2//Picture11.png, id=38, 134.5025pt x 130.4875pt>
File: ./geo2//Picture11.png Graphic file (type png)
<use ./geo2//Picture11.png>
Package pdftex.def Info: ./geo2//Picture11.png  used on input line 104.
(pdftex.def)             Requested size: 134.50215pt x 130.48717pt.
 [5 <c:/Users/zhaoh/Documents/GitHub/Math-Club-Tex/./geo2//Picture9.png> <c:/Users/zhaoh/Documents/GitHub/Math-Club-Tex/./geo2//Picture10.png> <c:/Users/zhaoh/Documents/GitHub/Math-Club-Tex/./geo2//Picture11.png>]
<./geo2//Picture12.jpg, id=46, 543.02875pt x 180.675pt>
File: ./geo2//Picture12.jpg Graphic file (type jpg)
<use ./geo2//Picture12.jpg>
Package pdftex.def Info: ./geo2//Picture12.jpg  used on input line 112.
(pdftex.def)             Requested size: 407.27055pt x 135.5059pt.
<./geo2//Picture13.png, id=47, 338.01282pt x 137.01187pt>
File: ./geo2//Picture13.png Graphic file (type png)
<use ./geo2//Picture13.png>
Package pdftex.def Info: ./geo2//Picture13.png  used on input line 124.
(pdftex.def)             Requested size: 405.61333pt x 164.41342pt.
 [6 <c:/Users/zhaoh/Documents/GitHub/Math-Club-Tex/./geo2//Picture12.jpg> <c:/Users/zhaoh/Documents/GitHub/Math-Club-Tex/./geo2//Picture13.png>]
<./geo2//Picture14.png, id=52, 215.30438pt x 163.3603pt>
File: ./geo2//Picture14.png Graphic file (type png)
<use ./geo2//Picture14.png>
Package pdftex.def Info: ./geo2//Picture14.png  used on input line 133.
(pdftex.def)             Requested size: 215.30385pt x 163.3599pt.
<./geo2//Picture15.png, id=53, 420.06938pt x 145.29282pt>
File: ./geo2//Picture15.png Graphic file (type png)
<use ./geo2//Picture15.png>
Package pdftex.def Info: ./geo2//Picture15.png  used on input line 142.
(pdftex.def)             Requested size: 420.06836pt x 145.29245pt.
 [7 <c:/Users/zhaoh/Documents/GitHub/Math-Club-Tex/./geo2//Picture14.png> <c:/Users/zhaoh/Documents/GitHub/Math-Club-Tex/./geo2//Picture15.png>]
<./geo2//Picture16.png, id=62, 179.92218pt x 157.33781pt>
File: ./geo2//Picture16.png Graphic file (type png)
<use ./geo2//Picture16.png>
Package pdftex.def Info: ./geo2//Picture16.png  used on input line 155.
(pdftex.def)             Requested size: 179.92174pt x 157.33742pt.
<./geo2//Picture17.png, id=63, 271.76532pt x 185.94469pt>
File: ./geo2//Picture17.png Graphic file (type png)
<use ./geo2//Picture17.png>
Package pdftex.def Info: ./geo2//Picture17.png  used on input line 163.
(pdftex.def)             Requested size: 271.76465pt x 185.94421pt.
 [8 <c:/Users/zhaoh/Documents/GitHub/Math-Club-Tex/./geo2//Picture16.png> <c:/Users/zhaoh/Documents/GitHub/Math-Club-Tex/./geo2//Picture17.png>]
<./geo2//Picture18.png, id=69, 220.57407pt x 182.18062pt>
File: ./geo2//Picture18.png Graphic file (type png)
<use ./geo2//Picture18.png>
Package pdftex.def Info: ./geo2//Picture18.png  used on input line 170.
(pdftex.def)             Requested size: 220.57352pt x 182.18016pt.
 [9 <c:/Users/zhaoh/Documents/GitHub/Math-Club-Tex/./geo2//Picture18.png>]
<./geo2//Picture19.png, id=74, 319.1925pt x 181.42781pt>
File: ./geo2//Picture19.png Graphic file (type png)
<use ./geo2//Picture19.png>
Package pdftex.def Info: ./geo2//Picture19.png  used on input line 181.
(pdftex.def)             Requested size: 319.19171pt x 181.42737pt.
 [10 <c:/Users/zhaoh/Documents/GitHub/Math-Club-Tex/./geo2//Picture19.png>]
<./geo2//Picture20.png, id=79, 297.36093pt x 221.32687pt>
File: ./geo2//Picture20.png Graphic file (type png)
<use ./geo2//Picture20.png>
Package pdftex.def Info: ./geo2//Picture20.png  used on input line 190.
(pdftex.def)             Requested size: 297.3602pt x 221.32631pt.
 [11 <c:/Users/zhaoh/Documents/GitHub/Math-Club-Tex/./geo2//Picture20.png>]
<./geo2//Picture21.png, id=84, 289.08pt x 209.75926pt>
File: ./geo2//Picture21.png Graphic file (type png)
<use ./geo2//Picture21.png>
Package pdftex.def Info: ./geo2//Picture21.png  used on input line 197.
(pdftex.def)             Requested size: 289.07928pt x 209.75873pt.
 [12 <c:/Users/zhaoh/Documents/GitHub/Math-Club-Tex/./geo2//Picture21.png>] (c:/Users/zhaoh/Documents/GitHub/Math-Club-Tex/Geo2.aux) ) 
Here is how much of TeX's memory you used:
 3401 strings out of 479485
 46413 string characters out of 5875909
 322636 words of memory out of 5000000
 20365 multiletter control sequences out of 15000+600000
 542951 words of font info for 60 fonts, out of 8000000 for 9000
 1141 hyphenation exceptions out of 8191
 66i,6n,72p,346b,208s stack positions out of 5000i,500n,10000p,200000b,80000s
<c:/texlive/2020/texmf-dist/fonts/type1/public/amsfonts/cm/cmbx10.pfb><c:/texlive/2020/texmf-dist/fonts/type1/public/amsfonts/cm/cmbx12.pfb><c:/texlive/2020/texmf-dist/fonts/type1/public/amsfonts/cm/cmmi12.pfb><c:/texlive/2020/texmf-dist/fonts/type1/public/amsfonts/cm/cmr10.pfb><c:/texlive/2020/texmf-dist/fonts/type1/public/amsfonts/cm/cmr12.pfb><c:/texlive/2020/texmf-dist/fonts/type1/public/amsfonts/cm/cmr17.pfb><c:/texlive/2020/texmf-dist/fonts/type1/public/amsfonts/cm/cmr8.pfb><c:/texlive/2020/texmf-dist/fonts/type1/public/amsfonts/cm/cmsy10.pfb><c:/texlive/2020/texmf-dist/fonts/type1/public/amsfonts/cm/cmsy7.pfb><c:/texlive/2020/texmf-dist/fonts/type1/public/amsfonts/cm/cmsy8.pfb><c:/texlive/2020/texmf-dist/fonts/type1/public/amsfonts/symbols/msam10.pfb>
Output written on c:/Users/zhaoh/Documents/GitHub/Math-Club-Tex/Geo2.pdf (12 pages, 477811 bytes).
PDF statistics:
 127 PDF objects out of 1000 (max. 8388607)
 62 compressed objects within 1 object stream
 0 named destinations out of 1000 (max. 500000)
 106 words of extra memory for PDF output out of 10000 (max. 10000000)

